c:\users\wjdgh\desktop\dean_git\algorithmpractice\debug\vc142.pdb
c:\users\wjdgh\desktop\dean_git\algorithmpractice\debug\vc142.idb
c:\users\wjdgh\desktop\dean_git\algorithmpractice\debug\2.정렬.obj
c:\users\wjdgh\desktop\dean_git\algorithmpractice\debug\bj_2750_수정렬하기.obj
c:\users\wjdgh\desktop\dean_git\algorithmpractice\debug\3.버블정렬.obj
c:\users\wjdgh\desktop\dean_git\algorithmpractice\debug\4. 삽입정렬.obj
c:\users\wjdgh\desktop\dean_git\algorithmpractice\debug\8. 병합정렬.obj
c:\users\wjdgh\desktop\dean_git\algorithmpractice\debug\bj_1026_보물.obj
c:\users\wjdgh\desktop\dean_git\algorithmpractice\debug\11. 힙정렬.obj
c:\users\wjdgh\desktop\dean_git\algorithmpractice\debug\bj_11651_좌표정렬하기2.obj
c:\users\wjdgh\desktop\dean_git\algorithmpractice\debug\algorithmpractice.exe
c:\users\wjdgh\desktop\dean_git\algorithmpractice\debug\algorithmpractice.ilk
c:\users\wjdgh\desktop\dean_git\algorithmpractice\debug\algorithmpractice.pdb
c:\users\wjdgh\desktop\dean_git\algorithmpractice\debug\5. 퀵정렬.obj
c:\users\wjdgh\desktop\dean_git\algorithmpractice\debug\9. stl_sort.obj
c:\users\wjdgh\desktop\dean_git\algorithmpractice\debug\9. stl_sort2.obj
c:\users\wjdgh\desktop\dean_git\algorithmpractice\debug\bj.obj
c:\users\wjdgh\desktop\dean_git\algorithmpractice\debug\bj_10989_수정렬하기3.obj
c:\users\wjdgh\desktop\dean_git\algorithmpractice\debug\bj_1427_소트인사이드.obj
c:\users\wjdgh\desktop\dean_git\algorithmpractice\debug\bj_2750.obj
c:\users\wjdgh\desktop\dean_git\algorithmpractice\debug\bj_2751_수정렬하기2.obj
c:\users\wjdgh\desktop\dean_git\algorithmpractice\debug\bj_2752_세수정렬.obj
c:\users\wjdgh\desktop\dean_git\algorithmpractice\debug\sorting.obj
c:\users\wjdgh\desktop\dean_git\algorithmpractice\debug\algorith.c6ce540d.tlog\cl.command.1.tlog
c:\users\wjdgh\desktop\dean_git\algorithmpractice\debug\algorith.c6ce540d.tlog\cl.read.1.tlog
c:\users\wjdgh\desktop\dean_git\algorithmpractice\debug\algorith.c6ce540d.tlog\cl.write.1.tlog
c:\users\wjdgh\desktop\dean_git\algorithmpractice\debug\algorith.c6ce540d.tlog\link.command.1.tlog
c:\users\wjdgh\desktop\dean_git\algorithmpractice\debug\algorith.c6ce540d.tlog\link.read.1.tlog
c:\users\wjdgh\desktop\dean_git\algorithmpractice\debug\algorith.c6ce540d.tlog\link.write.1.tlog
